0 info it worked if it ends with ok
1 verbose cli [ '/usr/local/bin/node', '/usr/local/bin/npm', 'install' ]
2 info using npm@3.7.3
3 info using node@v5.8.0
4 silly loadCurrentTree Starting
5 silly install loadCurrentTree
6 silly install readLocalPackageData
7 silly install normalizeTree
8 silly loadCurrentTree Finishing
9 silly loadIdealTree Starting
10 silly install loadIdealTree
11 silly cloneCurrentTree Starting
12 silly install cloneCurrentTreeToIdealTree
13 silly cloneCurrentTree Finishing
14 silly loadShrinkwrap Starting
15 silly install loadShrinkwrap
16 silly loadShrinkwrap Finishing
17 silly loadAllDepsIntoIdealTree Starting
18 silly install loadAllDepsIntoIdealTree
19 silly fetchOtherPackageData phoenix_html@file:deps/phoenix_html
20 silly cache add args [ 'phoenix_html@file:deps/phoenix_html', null ]
21 verbose cache add spec phoenix_html@file:deps/phoenix_html
22 silly fetchDirectoryPackageData phoenix
23 silly cache add parsed spec Result {
23 silly cache add   raw: 'phoenix_html@file:deps/phoenix_html',
23 silly cache add   scope: null,
23 silly cache add   name: 'phoenix_html',
23 silly cache add   rawSpec: 'file:deps/phoenix_html',
23 silly cache add   spec: '/home/patty/Escritorio/elixirMakerlab/5ta-session/hola/deps/phoenix_html',
23 silly cache add   type: 'local' }
24 error addLocal Could not install /home/patty/Escritorio/elixirMakerlab/5ta-session/hola/deps/phoenix_html
25 silly fetchPackageMetaData Error: ENOENT: no such file or directory, open '/home/patty/Escritorio/elixirMakerlab/5ta-session/hola/deps/phoenix_html'
25 silly fetchPackageMetaData     at Error (native)
25 silly fetchPackageMetaData  error for phoenix_html@file:deps/phoenix_html { [Error: ENOENT: no such file or directory, open '/home/patty/Escritorio/elixirMakerlab/5ta-session/hola/deps/phoenix_html']
25 silly fetchPackageMetaData   errno: -2,
25 silly fetchPackageMetaData   code: 'ENOENT',
25 silly fetchPackageMetaData   syscall: 'open',
25 silly fetchPackageMetaData   path: '/home/patty/Escritorio/elixirMakerlab/5ta-session/hola/deps/phoenix_html' }
26 silly resolveWithNewModule phoenix@1.2.1 checking installable status
27 silly cache add args [ 'phoenix@file:deps/phoenix', null ]
28 verbose cache add spec phoenix@file:deps/phoenix
29 silly cache add parsed spec Result {
29 silly cache add   raw: 'phoenix@file:deps/phoenix',
29 silly cache add   scope: null,
29 silly cache add   name: 'phoenix',
29 silly cache add   rawSpec: 'file:deps/phoenix',
29 silly cache add   spec: '/home/patty/Escritorio/elixirMakerlab/5ta-session/hola/deps/phoenix',
29 silly cache add   type: 'directory' }
30 verbose addLocalDirectory /home/patty/.npm/phoenix/1.2.1/package.tgz not in flight; packing
31 verbose correctMkdir /home/patty/.npm correctMkdir not in flight; initializing
32 info lifecycle phoenix@1.2.1~prepublish: phoenix@1.2.1
33 silly lifecycle phoenix@1.2.1~prepublish: no script for prepublish, continuing
34 verbose tar pack [ '/home/patty/.npm/phoenix/1.2.1/package.tgz',
34 verbose tar pack   '/home/patty/Escritorio/elixirMakerlab/5ta-session/hola/deps/phoenix' ]
35 verbose tarball /home/patty/.npm/phoenix/1.2.1/package.tgz
36 verbose folder /home/patty/Escritorio/elixirMakerlab/5ta-session/hola/deps/phoenix
37 verbose addLocalTarball adding from inside cache /home/patty/.npm/phoenix/1.2.1/package.tgz
38 verbose correctMkdir /home/patty/.npm correctMkdir not in flight; initializing
39 silly cache afterAdd phoenix@1.2.1
40 verbose afterAdd /home/patty/.npm/phoenix/1.2.1/package/package.json not in flight; writing
41 verbose correctMkdir /home/patty/.npm correctMkdir not in flight; initializing
42 verbose afterAdd /home/patty/.npm/phoenix/1.2.1/package/package.json written
43 silly rollbackFailedOptional Starting
44 silly rollbackFailedOptional Finishing
45 silly runTopLevelLifecycles Starting
46 silly runTopLevelLifecycles Finishing
47 silly install printInstalled
48 verbose stack Error: ENOENT: no such file or directory, open '/home/patty/Escritorio/elixirMakerlab/5ta-session/hola/deps/phoenix_html'
48 verbose stack     at Error (native)
49 verbose cwd /home/patty/Escritorio/elixirMakerlab/5ta-session/hola
50 error Linux 3.19.0-21-generic
51 error argv "/usr/local/bin/node" "/usr/local/bin/npm" "install"
52 error node v5.8.0
53 error npm  v3.7.3
54 error path /home/patty/Escritorio/elixirMakerlab/5ta-session/hola/deps/phoenix_html
55 error code ENOENT
56 error errno -2
57 error syscall open
58 error enoent ENOENT: no such file or directory, open '/home/patty/Escritorio/elixirMakerlab/5ta-session/hola/deps/phoenix_html'
59 error enoent ENOENT: no such file or directory, open '/home/patty/Escritorio/elixirMakerlab/5ta-session/hola/deps/phoenix_html'
59 error enoent This is most likely not a problem with npm itself
59 error enoent and is related to npm not being able to find a file.
60 verbose exit [ -2, true ]
